# Push Log for gitfield-index
# Generated by gitfield-sync

[2025-06-13T03:53:41Z] Local: , Branch=master, Commit=0efe337
  Diff Summary:
     docs/integrity.sha256 | 11 +++++++++++
     1 file changed, 11 insertions(+)
[2025-06-13T03:53:53Z] Radicle: RID=rad:z3FEj7rF8gZw9eFksCuiN43qjzrex, Peer ID=z6Mkw5s3ppo26C7y7tGK5MD8n2GqTHS582PPpeX5Xqbu2Mpz, Branch=master, Commit=0efe337
  CLI: rad inspect rad:z3FEj7rF8gZw9eFksCuiN43qjzrex # View project details
  CLI: git ls-tree -r --name-only HEAD # View file structure
  Diff Summary:
     .gitfield/radicle.sigil.md | 67 ++++++++++++++++++++++++++++++++++++++++++++++
     1 file changed, 67 insertions(+)
[2025-06-13T03:54:11Z] Forgejo: https://remember.thefoldwithin.earth/mrhavens/gitfield-index, Branch=master, Commit=0efe337
  Diff Summary:
     .gitfield/remember.sigil.md | 59 +++++++++++++++++++++++++++++++++++++++++++++
     1 file changed, 59 insertions(+)
[2025-06-13T03:54:22Z] Codeberg: https://codeberg.org/mrhavens/gitfield-index, Branch=master, Commit=0efe337
  Diff Summary:
     .gitfield/codeberg.sigil.md | 59 +++++++++++++++++++++++++++++++++++++++++++++
     1 file changed, 59 insertions(+)
[2025-06-13T03:54:23Z] Gitea: https://gitea.com/mrhavens/gitfield-index, Branch=master, Commit=0efe337
  Diff Summary:
     .gitfield/pushed.log | 4 ++++
     1 file changed, 4 insertions(+)
[2025-06-13T03:54:32Z] GitLab: https://gitlab.com/mrhavens/gitfield-index, Branch=master, Commit=0efe337
  Diff Summary:
     .gitfield/gitlab.sigil.md | 59 +++++++++++++++++++++++++++++++++++++++++++++++
     1 file changed, 59 insertions(+)
[2025-06-13T03:54:41Z] Bitbucket: https://bitbucket.org/thefoldwithin/gitfield-index, Branch=master, Commit=0efe337
  Diff Summary:
     .gitfield/bitbucket.sigil.md | 59 ++++++++++++++++++++++++++++++++++++++++++++
     1 file changed, 59 insertions(+)
[2025-06-13T03:54:53Z] GitHub: https://github.com/mrhavens/gitfield-index, Branch=master, Commit=0efe337
  Diff Summary:
     .gitfield/github.sigil.md | 59 +++++++++++++++++++++++++++++++++++++++++++++++
     1 file changed, 59 insertions(+)
[2025-06-13T03:54:53Z] Local: , Branch=master, Commit=0efe337
  Diff Summary:
     .gitfield/local.sigil.md | 59 ++++++++++++++++++++++++++++++++++++++++++++++++
     1 file changed, 59 insertions(+)
[2025-06-13T03:55:06Z] Radicle: RID=rad:z3FEj7rF8gZw9eFksCuiN43qjzrex, Peer ID=z6Mkw5s3ppo26C7y7tGK5MD8n2GqTHS582PPpeX5Xqbu2Mpz, Branch=master, Commit=0efe337
  CLI: rad inspect rad:z3FEj7rF8gZw9eFksCuiN43qjzrex # View project details
  CLI: git ls-tree -r --name-only HEAD # View file structure
  Diff Summary:
     .gitfield/radicle.sigil.md | 20 ++++++++++----------
     1 file changed, 10 insertions(+), 10 deletions(-)
[2025-06-13T03:55:10Z] Forgejo: https://remember.thefoldwithin.earth/mrhavens/gitfield-index, Branch=master, Commit=0efe337
  Diff Summary:
     .gitfield/remember.sigil.md | 16 ++++++++--------
     1 file changed, 8 insertions(+), 8 deletions(-)
[2025-06-13T03:55:17Z] Codeberg: https://codeberg.org/mrhavens/gitfield-index, Branch=master, Commit=0efe337
  Diff Summary:
     .gitfield/codeberg.sigil.md | 16 ++++++++--------
     1 file changed, 8 insertions(+), 8 deletions(-)
[2025-06-13T03:55:18Z] Gitea: https://gitea.com/mrhavens/gitfield-index, Branch=master, Commit=0efe337
  Diff Summary:
     .gitfield/pushed.log | 4 ++++
     1 file changed, 4 insertions(+)
